[debug] [2021-01-18T16:00:44.127Z] ----------------------------------------------------------------------
[debug] [2021-01-18T16:00:44.129Z] Command:       C:\Program Files\nodejs\node.exe C:\Users\Odin Revolution\AppData\Roaming\npm\node_modules\firebase-tools\lib\bin\firebase.js deploy
[debug] [2021-01-18T16:00:44.129Z] CLI Version:   9.2.1
[debug] [2021-01-18T16:00:44.129Z] Platform:      win32
[debug] [2021-01-18T16:00:44.129Z] Node Version:  v12.15.0
[debug] [2021-01-18T16:00:44.130Z] Time:          Mon Jan 18 2021 21:30:44 GMT+0530 (India Standard Time)
[debug] [2021-01-18T16:00:44.130Z] ----------------------------------------------------------------------
[debug] [2021-01-18T16:00:44.130Z] 
[debug] [2021-01-18T16:00:44.138Z] > command requires scopes: ["email","openid","https://www.googleapis.com/auth/cloudplatformprojects.readonly","https://www.googleapis.com/auth/firebase","https://www.googleapis.com/auth/cloud-platform"]
[debug] [2021-01-18T16:00:44.138Z] > authorizing via signed-in user
[debug] [2021-01-18T16:00:44.138Z] [iam] checking project firegram-5ad1e for permissions ["firebase.projects.get","firebasehosting.sites.update"]
[debug] [2021-01-18T16:00:44.141Z] > refreshing access token with scopes: ["email","https://www.googleapis.com/auth/cloud-platform","https://www.googleapis.com/auth/cloudplatformprojects.readonly","https://www.googleapis.com/auth/firebase","openid"]
[debug] [2021-01-18T16:00:44.141Z] >>> HTTP REQUEST POST https://www.googleapis.com/oauth2/v3/token  
 <request body omitted>
[debug] [2021-01-18T16:00:44.482Z] <<< HTTP RESPONSE 200 {"expires":"Mon, 01 Jan 1990 00:00:00 GMT","date":"Mon, 18 Jan 2021 16:00:44 GMT","pragma":"no-cache","cache-control":"no-cache, no-store, max-age=0, must-revalidate","content-type":"application/json; charset=utf-8","vary":"X-Origin, Referer, Origin,Accept-Encoding","server":"scaffolding on HTTPServer2","x-xss-protection":"0","x-frame-options":"SAMEORIGIN","x-content-type-options":"nosniff","alt-svc":"h3-29=\":443\"; ma=2592000,h3-T051=\":443\"; ma=2592000,h3-Q050=\":443\"; ma=2592000,h3-Q046=\":443\"; ma=2592000,h3-Q043=\":443\"; ma=2592000,quic=\":443\"; ma=2592000; v=\"46,43\"","accept-ranges":"none","transfer-encoding":"chunked"}
[debug] [2021-01-18T16:00:44.543Z] >>> HTTP REQUEST POST https://cloudresourcemanager.googleapis.com/v1/projects/firegram-5ad1e:testIamPermissions  
 {"permissions":["firebase.projects.get","firebasehosting.sites.update"]}
[debug] [2021-01-18T16:00:46.035Z] <<< HTTP RESPONSE 200 {"content-type":"application/json; charset=UTF-8","vary":"X-Origin, Referer, Origin,Accept-Encoding","date":"Mon, 18 Jan 2021 16:00:46 GMT","server":"ESF","cache-control":"private","x-xss-protection":"0","x-frame-options":"SAMEORIGIN","x-content-type-options":"nosniff","server-timing":"gfet4t7; dur=1179","alt-svc":"h3-29=\":443\"; ma=2592000,h3-T051=\":443\"; ma=2592000,h3-Q050=\":443\"; ma=2592000,h3-Q046=\":443\"; ma=2592000,h3-Q043=\":443\"; ma=2592000,quic=\":443\"; ma=2592000; v=\"46,43\"","accept-ranges":"none","transfer-encoding":"chunked"}
[debug] [2021-01-18T16:00:46.040Z] > refreshing access token with scopes: []
[debug] [2021-01-18T16:00:46.041Z] >>> HTTP REQUEST POST https://www.googleapis.com/oauth2/v3/token  
 <request body omitted>
[debug] [2021-01-18T16:00:46.286Z] <<< HTTP RESPONSE 200 {"cache-control":"no-cache, no-store, max-age=0, must-revalidate","pragma":"no-cache","expires":"Mon, 01 Jan 1990 00:00:00 GMT","date":"Mon, 18 Jan 2021 16:00:46 GMT","content-type":"application/json; charset=utf-8","vary":"X-Origin, Referer, Origin,Accept-Encoding","server":"scaffolding on HTTPServer2","x-xss-protection":"0","x-frame-options":"SAMEORIGIN","x-content-type-options":"nosniff","alt-svc":"h3-29=\":443\"; ma=2592000,h3-T051=\":443\"; ma=2592000,h3-Q050=\":443\"; ma=2592000,h3-Q046=\":443\"; ma=2592000,h3-Q043=\":443\"; ma=2592000,quic=\":443\"; ma=2592000; v=\"46,43\"","accept-ranges":"none","transfer-encoding":"chunked"}
[debug] [2021-01-18T16:00:46.348Z] >>> [apiv2][query] GET https://firebase.googleapis.com/v1beta1/projects/firegram-5ad1e [none]
[debug] [2021-01-18T16:00:46.932Z] <<< [apiv2][status] GET https://firebase.googleapis.com/v1beta1/projects/firegram-5ad1e 200
[debug] [2021-01-18T16:00:46.932Z] <<< [apiv2][body] GET https://firebase.googleapis.com/v1beta1/projects/firegram-5ad1e {"projectId":"firegram-5ad1e","projectNumber":"666023192877","displayName":"Firegram","name":"projects/firegram-5ad1e","resources":{"hostingSite":"firegram-5ad1e","realtimeDatabaseInstance":"firegram-5ad1e","storageBucket":"firegram-5ad1e.appspot.com","locationId":"europe-west"},"state":"ACTIVE"}
[info] 
[info] === Deploying to 'firegram-5ad1e'...
[info] 
[info] i  deploying hosting 
[debug] [2021-01-18T16:00:46.944Z] > refreshing access token with scopes: ["email","https://www.googleapis.com/auth/cloud-platform","https://www.googleapis.com/auth/cloudplatformprojects.readonly","https://www.googleapis.com/auth/firebase","openid"]
[debug] [2021-01-18T16:00:46.944Z] >>> HTTP REQUEST POST https://www.googleapis.com/oauth2/v3/token  
 <request body omitted>
[debug] [2021-01-18T16:00:47.208Z] <<< HTTP RESPONSE 200 {"cache-control":"no-cache, no-store, max-age=0, must-revalidate","expires":"Mon, 01 Jan 1990 00:00:00 GMT","pragma":"no-cache","date":"Mon, 18 Jan 2021 16:00:47 GMT","content-type":"application/json; charset=utf-8","vary":"X-Origin, Referer, Origin,Accept-Encoding","server":"scaffolding on HTTPServer2","x-xss-protection":"0","x-frame-options":"SAMEORIGIN","x-content-type-options":"nosniff","alt-svc":"h3-29=\":443\"; ma=2592000,h3-T051=\":443\"; ma=2592000,h3-Q050=\":443\"; ma=2592000,h3-Q046=\":443\"; ma=2592000,h3-Q043=\":443\"; ma=2592000,quic=\":443\"; ma=2592000; v=\"46,43\"","accept-ranges":"none","transfer-encoding":"chunked"}
[debug] [2021-01-18T16:00:47.267Z] >>> HTTP REQUEST POST https://firebasehosting.googleapis.com/v1beta1/sites/firegram-5ad1e/versions  
 {"config":{"rewrites":[{"glob":"**","path":"/index.html"}]},"labels":{"deployment-tool":"cli-firebase"}}
[debug] [2021-01-18T16:01:08.761Z] Error: connect ETIMEDOUT 216.58.200.138:443
    at TCPConnectWrap.afterConnect [as oncomplete] (net.js:1134:16)
[error] 
[error] Error: Server Error. connect ETIMEDOUT 216.58.200.138:443
[debug] [2021-01-18T16:01:15.754Z] ----------------------------------------------------------------------
[debug] [2021-01-18T16:01:15.756Z] Command:       C:\Program Files\nodejs\node.exe C:\Users\Odin Revolution\AppData\Roaming\npm\node_modules\firebase-tools\lib\bin\firebase.js deploy
[debug] [2021-01-18T16:01:15.757Z] CLI Version:   9.2.1
[debug] [2021-01-18T16:01:15.757Z] Platform:      win32
[debug] [2021-01-18T16:01:15.757Z] Node Version:  v12.15.0
[debug] [2021-01-18T16:01:15.758Z] Time:          Mon Jan 18 2021 21:31:15 GMT+0530 (India Standard Time)
[debug] [2021-01-18T16:01:15.758Z] ----------------------------------------------------------------------
[debug] [2021-01-18T16:01:15.758Z] 
[debug] [2021-01-18T16:01:15.764Z] > command requires scopes: ["email","openid","https://www.googleapis.com/auth/cloudplatformprojects.readonly","https://www.googleapis.com/auth/firebase","https://www.googleapis.com/auth/cloud-platform"]
[debug] [2021-01-18T16:01:15.764Z] > authorizing via signed-in user
[debug] [2021-01-18T16:01:15.764Z] [iam] checking project firegram-5ad1e for permissions ["firebase.projects.get","firebasehosting.sites.update"]
[debug] [2021-01-18T16:01:15.767Z] >>> HTTP REQUEST POST https://cloudresourcemanager.googleapis.com/v1/projects/firegram-5ad1e:testIamPermissions  
 {"permissions":["firebase.projects.get","firebasehosting.sites.update"]}
[debug] [2021-01-18T16:01:17.241Z] <<< HTTP RESPONSE 200 {"content-type":"application/json; charset=UTF-8","vary":"X-Origin, Referer, Origin,Accept-Encoding","date":"Mon, 18 Jan 2021 16:01:17 GMT","server":"ESF","cache-control":"private","x-xss-protection":"0","x-frame-options":"SAMEORIGIN","x-content-type-options":"nosniff","server-timing":"gfet4t7; dur=1201","alt-svc":"h3-29=\":443\"; ma=2592000,h3-T051=\":443\"; ma=2592000,h3-Q050=\":443\"; ma=2592000,h3-Q046=\":443\"; ma=2592000,h3-Q043=\":443\"; ma=2592000,quic=\":443\"; ma=2592000; v=\"46,43\"","accept-ranges":"none","transfer-encoding":"chunked"}
[debug] [2021-01-18T16:01:17.243Z] > refreshing access token with scopes: []
[debug] [2021-01-18T16:01:17.243Z] >>> HTTP REQUEST POST https://www.googleapis.com/oauth2/v3/token  
 <request body omitted>
[debug] [2021-01-18T16:01:17.501Z] <<< HTTP RESPONSE 200 {"expires":"Mon, 01 Jan 1990 00:00:00 GMT","cache-control":"no-cache, no-store, max-age=0, must-revalidate","pragma":"no-cache","date":"Mon, 18 Jan 2021 16:01:17 GMT","content-type":"application/json; charset=utf-8","vary":"X-Origin, Referer, Origin,Accept-Encoding","server":"scaffolding on HTTPServer2","x-xss-protection":"0","x-frame-options":"SAMEORIGIN","x-content-type-options":"nosniff","alt-svc":"h3-29=\":443\"; ma=2592000,h3-T051=\":443\"; ma=2592000,h3-Q050=\":443\"; ma=2592000,h3-Q046=\":443\"; ma=2592000,h3-Q043=\":443\"; ma=2592000,quic=\":443\"; ma=2592000; v=\"46,43\"","accept-ranges":"none","transfer-encoding":"chunked"}
[debug] [2021-01-18T16:01:17.560Z] >>> [apiv2][query] GET https://firebase.googleapis.com/v1beta1/projects/firegram-5ad1e [none]
[debug] [2021-01-18T16:01:18.125Z] <<< [apiv2][status] GET https://firebase.googleapis.com/v1beta1/projects/firegram-5ad1e 200
[debug] [2021-01-18T16:01:18.126Z] <<< [apiv2][body] GET https://firebase.googleapis.com/v1beta1/projects/firegram-5ad1e {"projectId":"firegram-5ad1e","projectNumber":"666023192877","displayName":"Firegram","name":"projects/firegram-5ad1e","resources":{"hostingSite":"firegram-5ad1e","realtimeDatabaseInstance":"firegram-5ad1e","storageBucket":"firegram-5ad1e.appspot.com","locationId":"europe-west"},"state":"ACTIVE"}
[info] 
[info] === Deploying to 'firegram-5ad1e'...
[info] 
[info] i  deploying hosting 
[debug] [2021-01-18T16:01:18.134Z] > refreshing access token with scopes: ["email","https://www.googleapis.com/auth/cloud-platform","https://www.googleapis.com/auth/cloudplatformprojects.readonly","https://www.googleapis.com/auth/firebase","openid"]
[debug] [2021-01-18T16:01:18.134Z] >>> HTTP REQUEST POST https://www.googleapis.com/oauth2/v3/token  
 <request body omitted>
[debug] [2021-01-18T16:01:18.350Z] <<< HTTP RESPONSE 200 {"pragma":"no-cache","expires":"Mon, 01 Jan 1990 00:00:00 GMT","date":"Mon, 18 Jan 2021 16:01:18 GMT","cache-control":"no-cache, no-store, max-age=0, must-revalidate","content-type":"application/json; charset=utf-8","vary":"X-Origin, Referer, Origin,Accept-Encoding","server":"scaffolding on HTTPServer2","x-xss-protection":"0","x-frame-options":"SAMEORIGIN","x-content-type-options":"nosniff","alt-svc":"h3-29=\":443\"; ma=2592000,h3-T051=\":443\"; ma=2592000,h3-Q050=\":443\"; ma=2592000,h3-Q046=\":443\"; ma=2592000,h3-Q043=\":443\"; ma=2592000,quic=\":443\"; ma=2592000; v=\"46,43\"","accept-ranges":"none","transfer-encoding":"chunked"}
[debug] [2021-01-18T16:01:18.409Z] >>> HTTP REQUEST POST https://firebasehosting.googleapis.com/v1beta1/sites/firegram-5ad1e/versions  
 {"config":{"rewrites":[{"glob":"**","path":"/index.html"}]},"labels":{"deployment-tool":"cli-firebase"}}
[debug] [2021-01-18T16:01:39.699Z] Error: connect ETIMEDOUT 216.58.200.138:443
    at TCPConnectWrap.afterConnect [as oncomplete] (net.js:1134:16)
[error] 
[error] Error: Server Error. connect ETIMEDOUT 216.58.200.138:443
